<?xml version="1.0" encoding="UTF-8"?>
<coverage generated="1609406385227" clover="3.2.0">
  <project timestamp="1609406385227" name="All files">
    <metrics statements="178" coveredstatements="178" conditionals="95" coveredconditionals="94" methods="22" coveredmethods="22" elements="295" coveredelements="294" complexity="0" loc="178" ncloc="178" packages="1" files="1" classes="1"/>
    <file name="index.ts" path="C:\workspace\components-depot\hourjs\src\index.ts">
      <metrics statements="178" coveredstatements="178" conditionals="95" coveredconditionals="94" methods="22" coveredmethods="22"/>
      <line num="1" count="1" type="stmt"/>
      <line num="2" count="1" type="stmt"/>
      <line num="4" count="1" type="cond" truecount="2" falsecount="0"/>
      <line num="5" count="1" type="stmt"/>
      <line num="6" count="1" type="stmt"/>
      <line num="7" count="1" type="stmt"/>
      <line num="10" count="1" type="cond" truecount="2" falsecount="0"/>
      <line num="11" count="1" type="stmt"/>
      <line num="12" count="1" type="stmt"/>
      <line num="13" count="1" type="stmt"/>
      <line num="16" count="1" type="stmt"/>
      <line num="28" count="221" type="cond" truecount="2" falsecount="0"/>
      <line num="29" count="197" type="cond" truecount="2" falsecount="0"/>
      <line num="30" count="1" type="stmt"/>
      <line num="31" count="1" type="stmt"/>
      <line num="32" count="1" type="stmt"/>
      <line num="33" count="1" type="stmt"/>
      <line num="34" count="1" type="stmt"/>
      <line num="35" count="1" type="stmt"/>
      <line num="36" count="1" type="stmt"/>
      <line num="37" count="1" type="stmt"/>
      <line num="38" count="1" type="stmt"/>
      <line num="40" count="196" type="stmt"/>
      <line num="41" count="195" type="stmt"/>
      <line num="42" count="195" type="stmt"/>
      <line num="43" count="195" type="stmt"/>
      <line num="44" count="195" type="stmt"/>
      <line num="45" count="195" type="stmt"/>
      <line num="46" count="195" type="cond" truecount="2" falsecount="0"/>
      <line num="47" count="89" type="stmt"/>
      <line num="48" count="89" type="stmt"/>
      <line num="49" count="89" type="stmt"/>
      <line num="51" count="106" type="stmt"/>
      <line num="52" count="106" type="stmt"/>
      <line num="53" count="106" type="stmt"/>
      <line num="55" count="195" type="stmt"/>
      <line num="56" count="195" type="stmt"/>
      <line num="62" count="24" type="stmt"/>
      <line num="63" count="24" type="stmt"/>
      <line num="64" count="24" type="stmt"/>
      <line num="65" count="24" type="stmt"/>
      <line num="66" count="24" type="stmt"/>
      <line num="67" count="24" type="stmt"/>
      <line num="68" count="24" type="stmt"/>
      <line num="69" count="24" type="stmt"/>
      <line num="70" count="24" type="stmt"/>
      <line num="71" count="24" type="stmt"/>
      <line num="72" count="24" type="stmt"/>
      <line num="73" count="24" type="stmt"/>
      <line num="74" count="24" type="stmt"/>
      <line num="75" count="24" type="stmt"/>
      <line num="76" count="24" type="stmt"/>
      <line num="77" count="24" type="stmt"/>
      <line num="78" count="24" type="stmt"/>
      <line num="79" count="24" type="stmt"/>
      <line num="80" count="24" type="stmt"/>
      <line num="84" count="1" type="stmt"/>
      <line num="85" count="43" type="stmt"/>
      <line num="86" count="43" type="stmt"/>
      <line num="87" count="43" type="stmt"/>
      <line num="88" count="43" type="stmt"/>
      <line num="89" count="43" type="stmt"/>
      <line num="90" count="43" type="cond" truecount="2" falsecount="0"/>
      <line num="91" count="43" type="cond" truecount="2" falsecount="0"/>
      <line num="92" count="43" type="stmt"/>
      <line num="93" count="43" type="stmt"/>
      <line num="106" count="1" type="stmt"/>
      <line num="107" count="364" type="cond" truecount="2" falsecount="0"/>
      <line num="108" count="10" type="stmt"/>
      <line num="110" count="364" type="cond" truecount="2" falsecount="0"/>
      <line num="111" count="345" type="cond" truecount="2" falsecount="0"/>
      <line num="112" count="7" type="stmt"/>
      <line num="114" count="345" type="cond" truecount="2" falsecount="0"/>
      <line num="115" count="165" type="stmt"/>
      <line num="116" count="165" type="stmt"/>
      <line num="126" count="180" type="cond" truecount="2" falsecount="0"/>
      <line num="127" count="179" type="cond" truecount="2" falsecount="0"/>
      <line num="128" count="1" type="stmt"/>
      <line num="130" count="179" type="stmt"/>
      <line num="131" count="179" type="stmt"/>
      <line num="142" count="1" type="stmt"/>
      <line num="145" count="19" type="stmt"/>
      <line num="152" count="1" type="stmt"/>
      <line num="153" count="254" type="stmt"/>
      <line num="154" count="254" type="stmt"/>
      <line num="155" count="762" type="cond" truecount="2" falsecount="0"/>
      <line num="156" count="253" type="stmt"/>
      <line num="159" count="254" type="cond" truecount="2" falsecount="0"/>
      <line num="160" count="1" type="stmt"/>
      <line num="162" count="253" type="stmt"/>
      <line num="165" count="1" type="stmt"/>
      <line num="166" count="197" type="stmt"/>
      <line num="167" count="197" type="cond" truecount="2" falsecount="0"/>
      <line num="168" count="197" type="stmt"/>
      <line num="169" count="197" type="cond" truecount="2" falsecount="0"/>
      <line num="170" count="16" type="stmt"/>
      <line num="172" count="197" type="cond" truecount="2" falsecount="0"/>
      <line num="175" count="1" type="stmt"/>
      <line num="176" count="582" type="cond" truecount="2" falsecount="0"/>
      <line num="177" count="254" type="stmt"/>
      <line num="179" count="582" type="stmt"/>
      <line num="182" count="1" type="stmt"/>
      <line num="183" count="132" type="cond" truecount="4" falsecount="0"/>
      <line num="186" count="19" type="stmt"/>
      <line num="187" count="19" type="stmt"/>
      <line num="189" count="19" type="stmt"/>
      <line num="190" count="19" type="stmt"/>
      <line num="191" count="19" type="stmt"/>
      <line num="192" count="19" type="stmt"/>
      <line num="193" count="19" type="stmt"/>
      <line num="194" count="19" type="stmt"/>
      <line num="196" count="19" type="stmt"/>
      <line num="197" count="19" type="stmt"/>
      <line num="198" count="19" type="stmt"/>
      <line num="199" count="19" type="cond" truecount="2" falsecount="0"/>
      <line num="200" count="5" type="cond" truecount="2" falsecount="0"/>
      <line num="201" count="4" type="stmt"/>
      <line num="203" count="5" type="cond" truecount="1" falsecount="1"/>
      <line num="204" count="5" type="stmt"/>
      <line num="206" count="5" type="cond" truecount="2" falsecount="0"/>
      <line num="207" count="4" type="stmt"/>
      <line num="211" count="19" type="cond" truecount="2" falsecount="0"/>
      <line num="212" count="4" type="stmt"/>
      <line num="213" count="4" type="stmt"/>
      <line num="215" count="19" type="cond" truecount="5" falsecount="0"/>
      <line num="216" count="4" type="stmt"/>
      <line num="217" count="4" type="stmt"/>
      <line num="220" count="19" type="stmt"/>
      <line num="232" count="19" type="cond" truecount="2" falsecount="0"/>
      <line num="233" count="1" type="stmt"/>
      <line num="240" count="18" type="stmt"/>
      <line num="241" count="18" type="stmt"/>
      <line num="250" count="1" type="stmt"/>
      <line num="251" count="51" type="cond" truecount="2" falsecount="0"/>
      <line num="252" count="4" type="stmt"/>
      <line num="254" count="47" type="stmt"/>
      <line num="255" count="46" type="stmt"/>
      <line num="257" count="15" type="stmt"/>
      <line num="258" count="15" type="stmt"/>
      <line num="261" count="14" type="stmt"/>
      <line num="262" count="14" type="stmt"/>
      <line num="263" count="14" type="cond" truecount="2" falsecount="0"/>
      <line num="264" count="8" type="stmt"/>
      <line num="266" count="14" type="stmt"/>
      <line num="269" count="17" type="stmt"/>
      <line num="270" count="17" type="stmt"/>
      <line num="271" count="17" type="stmt"/>
      <line num="272" count="17" type="stmt"/>
      <line num="273" count="17" type="cond" truecount="2" falsecount="0"/>
      <line num="274" count="13" type="stmt"/>
      <line num="276" count="17" type="stmt"/>
      <line num="277" count="17" type="cond" truecount="2" falsecount="0"/>
      <line num="278" count="4" type="stmt"/>
      <line num="280" count="17" type="stmt"/>
      <line num="286" count="1" type="stmt"/>
      <line num="287" count="27" type="stmt"/>
      <line num="290" count="1" type="stmt"/>
      <line num="291" count="24" type="stmt"/>
      <line num="294" count="47" type="cond" truecount="2" falsecount="0"/>
      <line num="295" count="36" type="cond" truecount="2" falsecount="0"/>
      <line num="296" count="1" type="stmt"/>
      <line num="298" count="35" type="cond" truecount="4" falsecount="0"/>
      <line num="302" count="1" type="stmt"/>
      <line num="303" count="23" type="cond" truecount="2" falsecount="0"/>
      <line num="308" count="1" type="stmt"/>
      <line num="309" count="29" type="cond" truecount="2" falsecount="0"/>
      <line num="314" count="1" type="stmt"/>
      <line num="315" count="31" type="cond" truecount="2" falsecount="0"/>
      <line num="320" count="1" type="stmt"/>
      <line num="321" count="31" type="cond" truecount="2" falsecount="0"/>
      <line num="326" count="1" type="stmt"/>
      <line num="327" count="52" type="cond" truecount="2" falsecount="0"/>
      <line num="328" count="2" type="stmt"/>
      <line num="330" count="50" type="stmt"/>
      <line num="331" count="50" type="cond" truecount="5" falsecount="0"/>
      <line num="336" count="1" type="stmt"/>
      <line num="338" count="1" type="stmt"/>
      <line num="339" count="221" type="stmt"/>
    </file>
  </project>
</coverage>
