<?xml version="1.0" encoding="UTF-8"?>
<coverage generated="1608257456585" clover="3.2.0">
  <project timestamp="1608257456586" name="All files">
    <metrics statements="151" coveredstatements="151" conditionals="79" coveredconditionals="78" methods="21" coveredmethods="21" elements="251" coveredelements="250" complexity="0" loc="151" ncloc="151" packages="1" files="1" classes="1"/>
    <file name="index.ts" path="C:\workspace\components-depot\hourjs\src\index.ts">
      <metrics statements="151" coveredstatements="151" conditionals="79" coveredconditionals="78" methods="21" coveredmethods="21"/>
      <line num="1" count="1" type="stmt"/>
      <line num="2" count="1" type="stmt"/>
      <line num="4" count="1" type="cond" truecount="2" falsecount="0"/>
      <line num="5" count="1" type="stmt"/>
      <line num="6" count="1" type="stmt"/>
      <line num="7" count="1" type="stmt"/>
      <line num="10" count="1" type="cond" truecount="2" falsecount="0"/>
      <line num="11" count="1" type="stmt"/>
      <line num="12" count="1" type="stmt"/>
      <line num="13" count="1" type="stmt"/>
      <line num="16" count="1" type="stmt"/>
      <line num="26" count="183" type="cond" truecount="2" falsecount="0"/>
      <line num="27" count="173" type="cond" truecount="2" falsecount="0"/>
      <line num="28" count="1" type="stmt"/>
      <line num="29" count="1" type="stmt"/>
      <line num="30" count="1" type="stmt"/>
      <line num="31" count="1" type="stmt"/>
      <line num="32" count="1" type="stmt"/>
      <line num="33" count="1" type="stmt"/>
      <line num="34" count="1" type="stmt"/>
      <line num="36" count="172" type="stmt"/>
      <line num="37" count="171" type="stmt"/>
      <line num="38" count="171" type="stmt"/>
      <line num="39" count="171" type="stmt"/>
      <line num="40" count="171" type="stmt"/>
      <line num="41" count="171" type="stmt"/>
      <line num="42" count="171" type="cond" truecount="2" falsecount="0"/>
      <line num="43" count="78" type="stmt"/>
      <line num="44" count="78" type="stmt"/>
      <line num="45" count="78" type="stmt"/>
      <line num="47" count="93" type="stmt"/>
      <line num="48" count="93" type="stmt"/>
      <line num="49" count="93" type="stmt"/>
      <line num="55" count="10" type="stmt"/>
      <line num="56" count="10" type="stmt"/>
      <line num="57" count="10" type="stmt"/>
      <line num="58" count="10" type="stmt"/>
      <line num="59" count="10" type="stmt"/>
      <line num="60" count="10" type="stmt"/>
      <line num="61" count="10" type="stmt"/>
      <line num="62" count="10" type="stmt"/>
      <line num="66" count="1" type="stmt"/>
      <line num="67" count="22" type="stmt"/>
      <line num="68" count="22" type="stmt"/>
      <line num="69" count="22" type="stmt"/>
      <line num="70" count="22" type="stmt"/>
      <line num="71" count="22" type="stmt"/>
      <line num="72" count="22" type="stmt"/>
      <line num="73" count="22" type="stmt"/>
      <line num="74" count="22" type="stmt"/>
      <line num="85" count="1" type="stmt"/>
      <line num="86" count="314" type="cond" truecount="2" falsecount="0"/>
      <line num="87" count="302" type="cond" truecount="2" falsecount="0"/>
      <line num="88" count="142" type="stmt"/>
      <line num="89" count="142" type="stmt"/>
      <line num="99" count="160" type="cond" truecount="2" falsecount="0"/>
      <line num="100" count="159" type="stmt"/>
      <line num="101" count="159" type="stmt"/>
      <line num="112" count="1" type="stmt"/>
      <line num="115" count="12" type="stmt"/>
      <line num="122" count="1" type="stmt"/>
      <line num="123" count="172" type="stmt"/>
      <line num="124" count="172" type="stmt"/>
      <line num="125" count="516" type="cond" truecount="2" falsecount="0"/>
      <line num="126" count="171" type="stmt"/>
      <line num="129" count="172" type="cond" truecount="2" falsecount="0"/>
      <line num="130" count="1" type="stmt"/>
      <line num="132" count="171" type="stmt"/>
      <line num="135" count="1" type="stmt"/>
      <line num="136" count="131" type="stmt"/>
      <line num="137" count="131" type="cond" truecount="2" falsecount="0"/>
      <line num="138" count="131" type="stmt"/>
      <line num="139" count="131" type="cond" truecount="2" falsecount="0"/>
      <line num="140" count="16" type="stmt"/>
      <line num="142" count="131" type="cond" truecount="2" falsecount="0"/>
      <line num="145" count="1" type="stmt"/>
      <line num="146" count="494" type="cond" truecount="2" falsecount="0"/>
      <line num="147" count="220" type="stmt"/>
      <line num="149" count="494" type="stmt"/>
      <line num="152" count="10" type="stmt"/>
      <line num="153" count="10" type="stmt"/>
      <line num="155" count="10" type="stmt"/>
      <line num="156" count="10" type="stmt"/>
      <line num="157" count="10" type="stmt"/>
      <line num="159" count="10" type="stmt"/>
      <line num="160" count="10" type="stmt"/>
      <line num="161" count="10" type="stmt"/>
      <line num="162" count="10" type="cond" truecount="2" falsecount="0"/>
      <line num="163" count="4" type="cond" truecount="2" falsecount="0"/>
      <line num="164" count="3" type="stmt"/>
      <line num="166" count="4" type="cond" truecount="1" falsecount="1"/>
      <line num="167" count="4" type="stmt"/>
      <line num="169" count="4" type="cond" truecount="2" falsecount="0"/>
      <line num="170" count="3" type="stmt"/>
      <line num="174" count="10" type="cond" truecount="2" falsecount="0"/>
      <line num="175" count="2" type="stmt"/>
      <line num="176" count="2" type="stmt"/>
      <line num="178" count="10" type="cond" truecount="5" falsecount="0"/>
      <line num="179" count="2" type="stmt"/>
      <line num="180" count="2" type="stmt"/>
      <line num="183" count="10" type="stmt"/>
      <line num="192" count="10" type="cond" truecount="2" falsecount="0"/>
      <line num="193" count="1" type="stmt"/>
      <line num="200" count="9" type="stmt"/>
      <line num="201" count="9" type="stmt"/>
      <line num="210" count="1" type="stmt"/>
      <line num="211" count="42" type="cond" truecount="2" falsecount="0"/>
      <line num="212" count="1" type="stmt"/>
      <line num="214" count="41" type="stmt"/>
      <line num="215" count="40" type="stmt"/>
      <line num="217" count="12" type="stmt"/>
      <line num="218" count="12" type="stmt"/>
      <line num="221" count="12" type="stmt"/>
      <line num="222" count="12" type="stmt"/>
      <line num="223" count="12" type="cond" truecount="2" falsecount="0"/>
      <line num="224" count="8" type="stmt"/>
      <line num="226" count="12" type="stmt"/>
      <line num="229" count="16" type="stmt"/>
      <line num="230" count="16" type="stmt"/>
      <line num="231" count="16" type="stmt"/>
      <line num="232" count="16" type="stmt"/>
      <line num="233" count="16" type="cond" truecount="2" falsecount="0"/>
      <line num="234" count="13" type="stmt"/>
      <line num="236" count="16" type="stmt"/>
      <line num="237" count="16" type="cond" truecount="2" falsecount="0"/>
      <line num="238" count="4" type="stmt"/>
      <line num="240" count="16" type="stmt"/>
      <line num="246" count="1" type="stmt"/>
      <line num="247" count="23" type="stmt"/>
      <line num="250" count="1" type="stmt"/>
      <line num="251" count="19" type="stmt"/>
      <line num="254" count="42" type="cond" truecount="2" falsecount="0"/>
      <line num="255" count="32" type="cond" truecount="2" falsecount="0"/>
      <line num="256" count="1" type="stmt"/>
      <line num="258" count="31" type="cond" truecount="4" falsecount="0"/>
      <line num="262" count="1" type="stmt"/>
      <line num="263" count="21" type="cond" truecount="2" falsecount="0"/>
      <line num="267" count="1" type="stmt"/>
      <line num="268" count="27" type="cond" truecount="2" falsecount="0"/>
      <line num="272" count="1" type="stmt"/>
      <line num="273" count="22" type="cond" truecount="2" falsecount="0"/>
      <line num="277" count="1" type="stmt"/>
      <line num="278" count="28" type="cond" truecount="2" falsecount="0"/>
      <line num="282" count="1" type="stmt"/>
      <line num="283" count="47" type="cond" truecount="2" falsecount="0"/>
      <line num="284" count="2" type="stmt"/>
      <line num="286" count="45" type="stmt"/>
      <line num="287" count="45" type="cond" truecount="3" falsecount="0"/>
      <line num="292" count="1" type="stmt"/>
      <line num="294" count="1" type="stmt"/>
      <line num="295" count="183" type="stmt"/>
    </file>
  </project>
</coverage>
