{"C:\\workspace\\components-depot\\hourjs\\src\\index.ts": {"path":"C:\\workspace\\components-depot\\hourjs\\src\\index.ts","statementMap":{"0":{"start":{"line":1,"column":0},"end":{"line":1,"column":38}},"1":{"start":{"line":2,"column":18},"end":{"line":2,"column":30}},"2":{"start":{"line":4,"column":0},"end":{"line":4,"column":null}},"3":{"start":{"line":5,"column":2},"end":{"line":5,"column":null}},"4":{"start":{"line":6,"column":2},"end":{"line":6,"column":null}},"5":{"start":{"line":7,"column":2},"end":{"line":7,"column":null}},"6":{"start":{"line":10,"column":0},"end":{"line":10,"column":null}},"7":{"start":{"line":11,"column":2},"end":{"line":11,"column":null}},"8":{"start":{"line":12,"column":2},"end":{"line":12,"column":null}},"9":{"start":{"line":13,"column":2},"end":{"line":13,"column":null}},"10":{"start":{"line":16,"column":0},"end":{"line":16,"column":null}},"11":{"start":{"line":28,"column":4},"end":{"line":81,"column":null}},"12":{"start":{"line":29,"column":6},"end":{"line":57,"column":null}},"13":{"start":{"line":30,"column":8},"end":{"line":30,"column":null}},"14":{"start":{"line":31,"column":8},"end":{"line":31,"column":null}},"15":{"start":{"line":32,"column":8},"end":{"line":32,"column":null}},"16":{"start":{"line":33,"column":8},"end":{"line":33,"column":null}},"17":{"start":{"line":34,"column":8},"end":{"line":34,"column":null}},"18":{"start":{"line":35,"column":8},"end":{"line":35,"column":null}},"19":{"start":{"line":36,"column":8},"end":{"line":36,"column":null}},"20":{"start":{"line":37,"column":8},"end":{"line":37,"column":null}},"21":{"start":{"line":38,"column":8},"end":{"line":38,"column":null}},"22":{"start":{"line":40,"column":32},"end":{"line":40,"column":null}},"23":{"start":{"line":41,"column":42},"end":{"line":41,"column":61}},"24":{"start":{"line":41,"column":20},"end":{"line":41,"column":22}},"25":{"start":{"line":41,"column":29},"end":{"line":41,"column":31}},"26":{"start":{"line":41,"column":38},"end":{"line":41,"column":42}},"27":{"start":{"line":42,"column":8},"end":{"line":42,"column":null}},"28":{"start":{"line":43,"column":8},"end":{"line":43,"column":null}},"29":{"start":{"line":44,"column":8},"end":{"line":44,"column":null}},"30":{"start":{"line":45,"column":8},"end":{"line":45,"column":null}},"31":{"start":{"line":46,"column":8},"end":{"line":54,"column":null}},"32":{"start":{"line":47,"column":10},"end":{"line":47,"column":null}},"33":{"start":{"line":48,"column":10},"end":{"line":48,"column":null}},"34":{"start":{"line":49,"column":10},"end":{"line":49,"column":null}},"35":{"start":{"line":51,"column":10},"end":{"line":51,"column":null}},"36":{"start":{"line":52,"column":10},"end":{"line":52,"column":null}},"37":{"start":{"line":53,"column":10},"end":{"line":53,"column":null}},"38":{"start":{"line":55,"column":8},"end":{"line":55,"column":null}},"39":{"start":{"line":56,"column":8},"end":{"line":56,"column":null}},"40":{"start":{"line":71,"column":10},"end":{"line":71,"column":31}},"41":{"start":{"line":62,"column":17},"end":{"line":62,"column":null}},"42":{"start":{"line":63,"column":19},"end":{"line":63,"column":null}},"43":{"start":{"line":64,"column":19},"end":{"line":64,"column":null}},"44":{"start":{"line":65,"column":13},"end":{"line":65,"column":null}},"45":{"start":{"line":66,"column":15},"end":{"line":66,"column":null}},"46":{"start":{"line":67,"column":15},"end":{"line":67,"column":null}},"47":{"start":{"line":68,"column":16},"end":{"line":68,"column":null}},"48":{"start":{"line":69,"column":21},"end":{"line":69,"column":null}},"49":{"start":{"line":70,"column":23},"end":{"line":70,"column":null}},"50":{"start":{"line":72,"column":6},"end":{"line":72,"column":null}},"51":{"start":{"line":73,"column":6},"end":{"line":73,"column":null}},"52":{"start":{"line":74,"column":6},"end":{"line":74,"column":null}},"53":{"start":{"line":75,"column":6},"end":{"line":75,"column":null}},"54":{"start":{"line":76,"column":6},"end":{"line":76,"column":null}},"55":{"start":{"line":77,"column":6},"end":{"line":77,"column":null}},"56":{"start":{"line":78,"column":6},"end":{"line":78,"column":null}},"57":{"start":{"line":79,"column":6},"end":{"line":79,"column":null}},"58":{"start":{"line":80,"column":6},"end":{"line":80,"column":null}},"59":{"start":{"line":84,"column":2},"end":{"line":104,"column":null}},"60":{"start":{"line":85,"column":16},"end":{"line":85,"column":26}},"61":{"start":{"line":86,"column":22},"end":{"line":86,"column":36}},"62":{"start":{"line":87,"column":24},"end":{"line":87,"column":40}},"63":{"start":{"line":88,"column":24},"end":{"line":88,"column":40}},"64":{"start":{"line":89,"column":18},"end":{"line":89,"column":50}},"65":{"start":{"line":90,"column":20},"end":{"line":90,"column":88}},"66":{"start":{"line":91,"column":20},"end":{"line":91,"column":106}},"67":{"start":{"line":92,"column":21},"end":{"line":92,"column":66}},"68":{"start":{"line":93,"column":4},"end":{"line":103,"column":null}},"69":{"start":{"line":106,"column":2},"end":{"line":150,"column":null}},"70":{"start":{"line":107,"column":4},"end":{"line":109,"column":null}},"71":{"start":{"line":108,"column":6},"end":{"line":108,"column":null}},"72":{"start":{"line":110,"column":4},"end":{"line":149,"column":null}},"73":{"start":{"line":111,"column":6},"end":{"line":113,"column":null}},"74":{"start":{"line":112,"column":8},"end":{"line":112,"column":null}},"75":{"start":{"line":114,"column":6},"end":{"line":143,"column":null}},"76":{"start":{"line":115,"column":33},"end":{"line":115,"column":48}},"77":{"start":{"line":115,"column":20},"end":{"line":115,"column":22}},"78":{"start":{"line":115,"column":29},"end":{"line":115,"column":33}},"79":{"start":{"line":116,"column":8},"end":{"line":125,"column":null}},"80":{"start":{"line":126,"column":13},"end":{"line":143,"column":null}},"81":{"start":{"line":127,"column":8},"end":{"line":129,"column":null}},"82":{"start":{"line":128,"column":10},"end":{"line":128,"column":null}},"83":{"start":{"line":130,"column":42},"end":{"line":130,"column":57}},"84":{"start":{"line":130,"column":20},"end":{"line":130,"column":22}},"85":{"start":{"line":130,"column":29},"end":{"line":130,"column":31}},"86":{"start":{"line":130,"column":38},"end":{"line":130,"column":42}},"87":{"start":{"line":131,"column":8},"end":{"line":140,"column":null}},"88":{"start":{"line":142,"column":8},"end":{"line":142,"column":null}},"89":{"start":{"line":145,"column":6},"end":{"line":147,"column":null}},"90":{"start":{"line":152,"column":2},"end":{"line":163,"column":null}},"91":{"start":{"line":153,"column":15},"end":{"line":153,"column":20}},"92":{"start":{"line":154,"column":4},"end":{"line":158,"column":null}},"93":{"start":{"line":155,"column":6},"end":{"line":157,"column":null}},"94":{"start":{"line":156,"column":8},"end":{"line":156,"column":null}},"95":{"start":{"line":159,"column":4},"end":{"line":161,"column":null}},"96":{"start":{"line":160,"column":6},"end":{"line":160,"column":null}},"97":{"start":{"line":162,"column":4},"end":{"line":162,"column":null}},"98":{"start":{"line":165,"column":2},"end":{"line":173,"column":null}},"99":{"start":{"line":166,"column":4},"end":{"line":166,"column":null}},"100":{"start":{"line":167,"column":19},"end":{"line":167,"column":47}},"101":{"start":{"line":168,"column":4},"end":{"line":168,"column":null}},"102":{"start":{"line":169,"column":4},"end":{"line":171,"column":null}},"103":{"start":{"line":170,"column":6},"end":{"line":170,"column":null}},"104":{"start":{"line":172,"column":4},"end":{"line":172,"column":null}},"105":{"start":{"line":175,"column":2},"end":{"line":180,"column":null}},"106":{"start":{"line":176,"column":4},"end":{"line":178,"column":null}},"107":{"start":{"line":177,"column":6},"end":{"line":177,"column":null}},"108":{"start":{"line":179,"column":4},"end":{"line":179,"column":null}},"109":{"start":{"line":182,"column":2},"end":{"line":184,"column":null}},"110":{"start":{"line":183,"column":4},"end":{"line":183,"column":null}},"111":{"start":{"line":186,"column":2},"end":{"line":248,"column":null}},"112":{"start":{"line":186,"column":2},"end":{"line":186,"column":13}},"113":{"start":{"line":187,"column":20},"end":{"line":230,"column":5}},"114":{"start":{"line":187,"column":32},"end":{"line":187,"column":34}},"115":{"start":{"line":187,"column":45},"end":{"line":187,"column":47}},"116":{"start":{"line":187,"column":58},"end":{"line":187,"column":60}},"117":{"start":{"line":187,"column":74},"end":{"line":187,"column":null}},"118":{"start":{"line":189,"column":22},"end":{"line":189,"column":52}},"119":{"start":{"line":190,"column":21},"end":{"line":190,"column":34}},"120":{"start":{"line":191,"column":22},"end":{"line":191,"column":33}},"121":{"start":{"line":192,"column":23},"end":{"line":192,"column":34}},"122":{"start":{"line":193,"column":28},"end":{"line":193,"column":40}},"123":{"start":{"line":194,"column":29},"end":{"line":194,"column":41}},"124":{"start":{"line":196,"column":21},"end":{"line":196,"column":47}},"125":{"start":{"line":197,"column":20},"end":{"line":197,"column":50}},"126":{"start":{"line":198,"column":20},"end":{"line":198,"column":50}},"127":{"start":{"line":199,"column":6},"end":{"line":209,"column":null}},"128":{"start":{"line":200,"column":8},"end":{"line":202,"column":null}},"129":{"start":{"line":201,"column":10},"end":{"line":201,"column":null}},"130":{"start":{"line":203,"column":8},"end":{"line":205,"column":null}},"131":{"start":{"line":204,"column":10},"end":{"line":204,"column":null}},"132":{"start":{"line":206,"column":8},"end":{"line":208,"column":null}},"133":{"start":{"line":207,"column":10},"end":{"line":207,"column":null}},"134":{"start":{"line":211,"column":6},"end":{"line":214,"column":null}},"135":{"start":{"line":212,"column":8},"end":{"line":212,"column":null}},"136":{"start":{"line":213,"column":8},"end":{"line":213,"column":null}},"137":{"start":{"line":215,"column":6},"end":{"line":218,"column":null}},"138":{"start":{"line":216,"column":8},"end":{"line":216,"column":null}},"139":{"start":{"line":217,"column":8},"end":{"line":217,"column":null}},"140":{"start":{"line":220,"column":6},"end":{"line":229,"column":null}},"141":{"start":{"line":232,"column":4},"end":{"line":247,"column":null}},"142":{"start":{"line":233,"column":6},"end":{"line":238,"column":null}},"143":{"start":{"line":240,"column":80},"end":{"line":240,"column":102}},"144":{"start":{"line":240,"column":23},"end":{"line":240,"column":25}},"145":{"start":{"line":240,"column":36},"end":{"line":240,"column":38}},"146":{"start":{"line":240,"column":49},"end":{"line":240,"column":61}},"147":{"start":{"line":240,"column":75},"end":{"line":240,"column":80}},"148":{"start":{"line":241,"column":6},"end":{"line":246,"column":null}},"149":{"start":{"line":250,"column":2},"end":{"line":284,"column":null}},"150":{"start":{"line":251,"column":4},"end":{"line":283,"column":null}},"151":{"start":{"line":252,"column":6},"end":{"line":252,"column":null}},"152":{"start":{"line":254,"column":6},"end":{"line":254,"column":null}},"153":{"start":{"line":255,"column":6},"end":{"line":282,"column":null}},"154":{"start":{"line":257,"column":24},"end":{"line":257,"column":69}},"155":{"start":{"line":258,"column":10},"end":{"line":258,"column":null}},"156":{"start":{"line":261,"column":22},"end":{"line":261,"column":32}},"157":{"start":{"line":261,"column":44},"end":{"line":261,"column":93}},"158":{"start":{"line":262,"column":32},"end":{"line":262,"column":75}},"159":{"start":{"line":263,"column":10},"end":{"line":265,"column":null}},"160":{"start":{"line":264,"column":12},"end":{"line":264,"column":null}},"161":{"start":{"line":266,"column":10},"end":{"line":266,"column":null}},"162":{"start":{"line":269,"column":22},"end":{"line":269,"column":32}},"163":{"start":{"line":270,"column":22},"end":{"line":270,"column":34}},"164":{"start":{"line":271,"column":22},"end":{"line":271,"column":71}},"165":{"start":{"line":272,"column":34},"end":{"line":272,"column":77}},"166":{"start":{"line":273,"column":10},"end":{"line":275,"column":null}},"167":{"start":{"line":274,"column":12},"end":{"line":274,"column":null}},"168":{"start":{"line":276,"column":32},"end":{"line":276,"column":85}},"169":{"start":{"line":277,"column":10},"end":{"line":279,"column":null}},"170":{"start":{"line":278,"column":12},"end":{"line":278,"column":null}},"171":{"start":{"line":280,"column":10},"end":{"line":280,"column":null}},"172":{"start":{"line":286,"column":2},"end":{"line":288,"column":null}},"173":{"start":{"line":287,"column":4},"end":{"line":287,"column":null}},"174":{"start":{"line":290,"column":2},"end":{"line":292,"column":null}},"175":{"start":{"line":291,"column":4},"end":{"line":291,"column":null}},"176":{"start":{"line":294,"column":2},"end":{"line":300,"column":null}},"177":{"start":{"line":294,"column":83},"end":{"line":294,"column":null}},"178":{"start":{"line":295,"column":4},"end":{"line":297,"column":null}},"179":{"start":{"line":296,"column":6},"end":{"line":296,"column":null}},"180":{"start":{"line":298,"column":4},"end":{"line":299,"column":null}},"181":{"start":{"line":302,"column":2},"end":{"line":306,"column":null}},"182":{"start":{"line":303,"column":4},"end":{"line":305,"column":null}},"183":{"start":{"line":308,"column":2},"end":{"line":312,"column":null}},"184":{"start":{"line":309,"column":4},"end":{"line":311,"column":null}},"185":{"start":{"line":314,"column":2},"end":{"line":318,"column":null}},"186":{"start":{"line":315,"column":4},"end":{"line":317,"column":null}},"187":{"start":{"line":320,"column":2},"end":{"line":324,"column":null}},"188":{"start":{"line":321,"column":4},"end":{"line":323,"column":null}},"189":{"start":{"line":326,"column":2},"end":{"line":335,"column":null}},"190":{"start":{"line":327,"column":4},"end":{"line":334,"column":null}},"191":{"start":{"line":328,"column":6},"end":{"line":328,"column":null}},"192":{"start":{"line":330,"column":42},"end":{"line":330,"column":77}},"193":{"start":{"line":330,"column":19},"end":{"line":330,"column":21}},"194":{"start":{"line":330,"column":28},"end":{"line":330,"column":30}},"195":{"start":{"line":330,"column":37},"end":{"line":330,"column":42}},"196":{"start":{"line":331,"column":6},"end":{"line":333,"column":null}},"197":{"start":{"line":336,"column":0},"end":{"line":336,"column":null}},"198":{"start":{"line":339,"column":2},"end":{"line":339,"column":null}},"199":{"start":{"line":338,"column":0},"end":{"line":338,"column":24}}},"fnMap":{"0":{"name":"(anonymous_0)","decl":{"start":{"line":4,"column":0},"end":{"line":4,"column":5}},"loc":{"start":{"line":4,"column":9},"end":{"line":8,"column":1}}},"1":{"name":"(anonymous_1)","decl":{"start":{"line":10,"column":0},"end":{"line":10,"column":5}},"loc":{"start":{"line":10,"column":16},"end":{"line":14,"column":1}}},"2":{"name":"(anonymous_2)","decl":{"start":{"line":16,"column":0},"end":{"line":16,"column":null}},"loc":{"start":{"line":16,"column":0},"end":{"line":336,"column":null}}},"3":{"name":"HourJs","decl":{"start":{"line":27,"column":2},"end":{"line":27,"column":15}},"loc":{"start":{"line":27,"column":41},"end":{"line":82,"column":3}}},"4":{"name":"(anonymous_4)","decl":{"start":{"line":84,"column":2},"end":{"line":84,"column":16}},"loc":{"start":{"line":84,"column":38},"end":{"line":104,"column":3}}},"5":{"name":"(anonymous_5)","decl":{"start":{"line":106,"column":2},"end":{"line":106,"column":13}},"loc":{"start":{"line":106,"column":50},"end":{"line":150,"column":3}}},"6":{"name":"(anonymous_6)","decl":{"start":{"line":152,"column":2},"end":{"line":152,"column":14}},"loc":{"start":{"line":152,"column":28},"end":{"line":163,"column":3}}},"7":{"name":"(anonymous_7)","decl":{"start":{"line":165,"column":2},"end":{"line":165,"column":7}},"loc":{"start":{"line":165,"column":35},"end":{"line":173,"column":3}}},"8":{"name":"(anonymous_8)","decl":{"start":{"line":175,"column":2},"end":{"line":175,"column":15}},"loc":{"start":{"line":175,"column":33},"end":{"line":180,"column":3}}},"9":{"name":"(anonymous_9)","decl":{"start":{"line":182,"column":2},"end":{"line":182,"column":13}},"loc":{"start":{"line":182,"column":35},"end":{"line":184,"column":3}}},"10":{"name":"(anonymous_10)","decl":{"start":{"line":186,"column":2},"end":{"line":186,"column":13}},"loc":{"start":{"line":186,"column":37},"end":{"line":248,"column":3}}},"11":{"name":"(anonymous_11)","decl":{"start":{"line":187,"column":20},"end":{"line":187,"column":21}},"loc":{"start":{"line":188,"column":93},"end":{"line":230,"column":5}}},"12":{"name":"(anonymous_12)","decl":{"start":{"line":250,"column":2},"end":{"line":250,"column":15}},"loc":{"start":{"line":250,"column":44},"end":{"line":284,"column":3}}},"13":{"name":"(anonymous_13)","decl":{"start":{"line":286,"column":2},"end":{"line":286,"column":5}},"loc":{"start":{"line":286,"column":34},"end":{"line":288,"column":3}}},"14":{"name":"(anonymous_14)","decl":{"start":{"line":290,"column":2},"end":{"line":290,"column":10}},"loc":{"start":{"line":290,"column":39},"end":{"line":292,"column":3}}},"15":{"name":"(anonymous_15)","decl":{"start":{"line":294,"column":2},"end":{"line":294,"column":11}},"loc":{"start":{"line":294,"column":106},"end":{"line":300,"column":3}}},"16":{"name":"(anonymous_16)","decl":{"start":{"line":302,"column":2},"end":{"line":302,"column":10}},"loc":{"start":{"line":302,"column":56},"end":{"line":306,"column":3}}},"17":{"name":"(anonymous_17)","decl":{"start":{"line":308,"column":2},"end":{"line":308,"column":16}},"loc":{"start":{"line":308,"column":62},"end":{"line":312,"column":3}}},"18":{"name":"(anonymous_18)","decl":{"start":{"line":314,"column":2},"end":{"line":314,"column":9}},"loc":{"start":{"line":314,"column":55},"end":{"line":318,"column":3}}},"19":{"name":"(anonymous_19)","decl":{"start":{"line":320,"column":2},"end":{"line":320,"column":15}},"loc":{"start":{"line":320,"column":61},"end":{"line":324,"column":3}}},"20":{"name":"(anonymous_20)","decl":{"start":{"line":326,"column":2},"end":{"line":326,"column":8}},"loc":{"start":{"line":326,"column":54},"end":{"line":335,"column":3}}},"21":{"name":"hourjs","decl":{"start":{"line":338,"column":24},"end":{"line":338,"column":30}},"loc":{"start":{"line":338,"column":58},"end":{"line":340,"column":1}}}},"branchMap":{"0":{"loc":{"start":{"line":4,"column":5},"end":{"line":4,"column":9}},"type":"binary-expr","locations":[{"start":{"line":4,"column":5},"end":{"line":4,"column":9}},{"start":{"line":4,"column":5},"end":{"line":4,"column":null}}]},"1":{"loc":{"start":{"line":10,"column":5},"end":{"line":10,"column":16}},"type":"binary-expr","locations":[{"start":{"line":10,"column":5},"end":{"line":10,"column":16}},{"start":{"line":10,"column":5},"end":{"line":10,"column":null}}]},"2":{"loc":{"start":{"line":28,"column":4},"end":{"line":81,"column":null}},"type":"if","locations":[{"start":{"line":28,"column":4},"end":{"line":81,"column":null}},{"start":{"line":28,"column":4},"end":{"line":81,"column":null}}]},"3":{"loc":{"start":{"line":29,"column":6},"end":{"line":57,"column":null}},"type":"if","locations":[{"start":{"line":29,"column":6},"end":{"line":57,"column":null}},{"start":{"line":29,"column":6},"end":{"line":57,"column":null}}]},"4":{"loc":{"start":{"line":46,"column":8},"end":{"line":54,"column":null}},"type":"if","locations":[{"start":{"line":46,"column":8},"end":{"line":54,"column":null}},{"start":{"line":46,"column":8},"end":{"line":54,"column":null}}]},"5":{"loc":{"start":{"line":90,"column":45},"end":{"line":90,"column":49}},"type":"cond-expr","locations":[{"start":{"line":90,"column":45},"end":{"line":90,"column":49}},{"start":{"line":90,"column":52},"end":{"line":90,"column":88}}]},"6":{"loc":{"start":{"line":91,"column":63},"end":{"line":91,"column":67}},"type":"cond-expr","locations":[{"start":{"line":91,"column":63},"end":{"line":91,"column":67}},{"start":{"line":91,"column":70},"end":{"line":91,"column":106}}]},"7":{"loc":{"start":{"line":107,"column":4},"end":{"line":109,"column":null}},"type":"if","locations":[{"start":{"line":107,"column":4},"end":{"line":109,"column":null}},{"start":{"line":107,"column":4},"end":{"line":109,"column":null}}]},"8":{"loc":{"start":{"line":110,"column":4},"end":{"line":149,"column":null}},"type":"if","locations":[{"start":{"line":110,"column":4},"end":{"line":149,"column":null}},{"start":{"line":110,"column":4},"end":{"line":149,"column":null}}]},"9":{"loc":{"start":{"line":111,"column":6},"end":{"line":113,"column":null}},"type":"if","locations":[{"start":{"line":111,"column":6},"end":{"line":113,"column":null}},{"start":{"line":111,"column":6},"end":{"line":113,"column":null}}]},"10":{"loc":{"start":{"line":114,"column":6},"end":{"line":143,"column":null}},"type":"if","locations":[{"start":{"line":114,"column":6},"end":{"line":143,"column":null}},{"start":{"line":114,"column":6},"end":{"line":143,"column":null}}]},"11":{"loc":{"start":{"line":126,"column":13},"end":{"line":143,"column":null}},"type":"if","locations":[{"start":{"line":126,"column":13},"end":{"line":143,"column":null}},{"start":{"line":126,"column":13},"end":{"line":143,"column":null}}]},"12":{"loc":{"start":{"line":127,"column":8},"end":{"line":129,"column":null}},"type":"if","locations":[{"start":{"line":127,"column":8},"end":{"line":129,"column":null}},{"start":{"line":127,"column":8},"end":{"line":129,"column":null}}]},"13":{"loc":{"start":{"line":155,"column":6},"end":{"line":157,"column":null}},"type":"if","locations":[{"start":{"line":155,"column":6},"end":{"line":157,"column":null}},{"start":{"line":155,"column":6},"end":{"line":157,"column":null}}]},"14":{"loc":{"start":{"line":159,"column":4},"end":{"line":161,"column":null}},"type":"if","locations":[{"start":{"line":159,"column":4},"end":{"line":161,"column":null}},{"start":{"line":159,"column":4},"end":{"line":161,"column":null}}]},"15":{"loc":{"start":{"line":167,"column":40},"end":{"line":167,"column":42}},"type":"cond-expr","locations":[{"start":{"line":167,"column":40},"end":{"line":167,"column":42}},{"start":{"line":167,"column":45},"end":{"line":167,"column":47}}]},"16":{"loc":{"start":{"line":169,"column":4},"end":{"line":171,"column":null}},"type":"if","locations":[{"start":{"line":169,"column":4},"end":{"line":171,"column":null}},{"start":{"line":169,"column":4},"end":{"line":171,"column":null}}]},"17":{"loc":{"start":{"line":172,"column":24},"end":{"line":172,"column":27}},"type":"cond-expr","locations":[{"start":{"line":172,"column":24},"end":{"line":172,"column":27}},{"start":{"line":172,"column":30},"end":{"line":172,"column":32}}]},"18":{"loc":{"start":{"line":176,"column":4},"end":{"line":178,"column":null}},"type":"if","locations":[{"start":{"line":176,"column":4},"end":{"line":178,"column":null}},{"start":{"line":176,"column":4},"end":{"line":178,"column":null}}]},"19":{"loc":{"start":{"line":183,"column":53},"end":{"line":183,"column":84}},"type":"cond-expr","locations":[{"start":{"line":183,"column":53},"end":{"line":183,"column":84}},{"start":{"line":183,"column":87},"end":{"line":183,"column":100}}]},"20":{"loc":{"start":{"line":183,"column":11},"end":{"line":183,"column":22}},"type":"binary-expr","locations":[{"start":{"line":183,"column":11},"end":{"line":183,"column":22}},{"start":{"line":183,"column":26},"end":{"line":183,"column":50}}]},"21":{"loc":{"start":{"line":199,"column":6},"end":{"line":209,"column":null}},"type":"if","locations":[{"start":{"line":199,"column":6},"end":{"line":209,"column":null}},{"start":{"line":199,"column":6},"end":{"line":209,"column":null}}]},"22":{"loc":{"start":{"line":200,"column":8},"end":{"line":202,"column":null}},"type":"if","locations":[{"start":{"line":200,"column":8},"end":{"line":202,"column":null}},{"start":{"line":200,"column":8},"end":{"line":202,"column":null}}]},"23":{"loc":{"start":{"line":203,"column":8},"end":{"line":205,"column":null}},"type":"if","locations":[{"start":{"line":203,"column":8},"end":{"line":205,"column":null}},{"start":{"line":203,"column":8},"end":{"line":205,"column":null}}]},"24":{"loc":{"start":{"line":206,"column":8},"end":{"line":208,"column":null}},"type":"if","locations":[{"start":{"line":206,"column":8},"end":{"line":208,"column":null}},{"start":{"line":206,"column":8},"end":{"line":208,"column":null}}]},"25":{"loc":{"start":{"line":211,"column":6},"end":{"line":214,"column":null}},"type":"if","locations":[{"start":{"line":211,"column":6},"end":{"line":214,"column":null}},{"start":{"line":211,"column":6},"end":{"line":214,"column":null}}]},"26":{"loc":{"start":{"line":215,"column":6},"end":{"line":218,"column":null}},"type":"if","locations":[{"start":{"line":215,"column":6},"end":{"line":218,"column":null}},{"start":{"line":215,"column":6},"end":{"line":218,"column":null}}]},"27":{"loc":{"start":{"line":215,"column":10},"end":{"line":215,"column":21}},"type":"binary-expr","locations":[{"start":{"line":215,"column":10},"end":{"line":215,"column":21}},{"start":{"line":215,"column":26},"end":{"line":215,"column":39}},{"start":{"line":215,"column":43},"end":{"line":215,"column":54}}]},"28":{"loc":{"start":{"line":232,"column":4},"end":{"line":247,"column":null}},"type":"if","locations":[{"start":{"line":232,"column":4},"end":{"line":247,"column":null}},{"start":{"line":232,"column":4},"end":{"line":247,"column":null}}]},"29":{"loc":{"start":{"line":251,"column":4},"end":{"line":283,"column":null}},"type":"if","locations":[{"start":{"line":251,"column":4},"end":{"line":283,"column":null}},{"start":{"line":251,"column":4},"end":{"line":283,"column":null}}]},"30":{"loc":{"start":{"line":256,"column":8},"end":{"line":259,"column":null}},"type":"switch","locations":[{"start":{"line":256,"column":8},"end":{"line":259,"column":null}},{"start":{"line":260,"column":8},"end":{"line":267,"column":null}},{"start":{"line":268,"column":8},"end":{"line":281,"column":null}}]},"31":{"loc":{"start":{"line":263,"column":10},"end":{"line":265,"column":null}},"type":"if","locations":[{"start":{"line":263,"column":10},"end":{"line":265,"column":null}},{"start":{"line":263,"column":10},"end":{"line":265,"column":null}}]},"32":{"loc":{"start":{"line":273,"column":10},"end":{"line":275,"column":null}},"type":"if","locations":[{"start":{"line":273,"column":10},"end":{"line":275,"column":null}},{"start":{"line":273,"column":10},"end":{"line":275,"column":null}}]},"33":{"loc":{"start":{"line":277,"column":10},"end":{"line":279,"column":null}},"type":"if","locations":[{"start":{"line":277,"column":10},"end":{"line":279,"column":null}},{"start":{"line":277,"column":10},"end":{"line":279,"column":null}}]},"34":{"loc":{"start":{"line":294,"column":83},"end":{"line":294,"column":null}},"type":"if","locations":[{"start":{"line":294,"column":83},"end":{"line":294,"column":null}},{"start":{"line":294,"column":83},"end":{"line":294,"column":null}}]},"35":{"loc":{"start":{"line":295,"column":4},"end":{"line":297,"column":null}},"type":"if","locations":[{"start":{"line":295,"column":4},"end":{"line":297,"column":null}},{"start":{"line":295,"column":4},"end":{"line":297,"column":null}}]},"36":{"loc":{"start":{"line":298,"column":12},"end":{"line":298,"column":112}},"type":"binary-expr","locations":[{"start":{"line":298,"column":12},"end":{"line":298,"column":112}},{"start":{"line":299,"column":7},"end":{"line":299,"column":103}}]},"37":{"loc":{"start":{"line":298,"column":39},"end":{"line":298,"column":77}},"type":"cond-expr","locations":[{"start":{"line":298,"column":39},"end":{"line":298,"column":77}},{"start":{"line":298,"column":80},"end":{"line":298,"column":112}}]},"38":{"loc":{"start":{"line":299,"column":32},"end":{"line":299,"column":69}},"type":"cond-expr","locations":[{"start":{"line":299,"column":32},"end":{"line":299,"column":69}},{"start":{"line":299,"column":72},"end":{"line":299,"column":103}}]},"39":{"loc":{"start":{"line":303,"column":37},"end":{"line":303,"column":66}},"type":"cond-expr","locations":[{"start":{"line":303,"column":37},"end":{"line":303,"column":66}},{"start":{"line":304,"column":6},"end":{"line":304,"column":50}}]},"40":{"loc":{"start":{"line":309,"column":37},"end":{"line":309,"column":66}},"type":"cond-expr","locations":[{"start":{"line":309,"column":37},"end":{"line":309,"column":66}},{"start":{"line":310,"column":6},"end":{"line":310,"column":50}}]},"41":{"loc":{"start":{"line":315,"column":37},"end":{"line":315,"column":66}},"type":"cond-expr","locations":[{"start":{"line":315,"column":37},"end":{"line":315,"column":66}},{"start":{"line":316,"column":6},"end":{"line":316,"column":50}}]},"42":{"loc":{"start":{"line":321,"column":37},"end":{"line":321,"column":66}},"type":"cond-expr","locations":[{"start":{"line":321,"column":37},"end":{"line":321,"column":66}},{"start":{"line":322,"column":6},"end":{"line":322,"column":50}}]},"43":{"loc":{"start":{"line":327,"column":4},"end":{"line":334,"column":null}},"type":"if","locations":[{"start":{"line":327,"column":4},"end":{"line":334,"column":null}},{"start":{"line":327,"column":4},"end":{"line":334,"column":null}}]},"44":{"loc":{"start":{"line":331,"column":13},"end":{"line":331,"column":33}},"type":"binary-expr","locations":[{"start":{"line":331,"column":13},"end":{"line":331,"column":33}},{"start":{"line":332,"column":12},"end":{"line":332,"column":34}},{"start":{"line":332,"column":38},"end":{"line":332,"column":62}},{"start":{"line":333,"column":12},"end":{"line":333,"column":52}},{"start":{"line":333,"column":56},"end":{"line":333,"column":80}}]}},"s":{"0":1,"1":1,"2":1,"3":1,"4":1,"5":1,"6":1,"7":1,"8":1,"9":1,"10":1,"11":221,"12":197,"13":1,"14":1,"15":1,"16":1,"17":1,"18":1,"19":1,"20":1,"21":1,"22":196,"23":195,"24":195,"25":195,"26":195,"27":195,"28":195,"29":195,"30":195,"31":195,"32":89,"33":89,"34":89,"35":106,"36":106,"37":106,"38":195,"39":195,"40":24,"41":24,"42":24,"43":24,"44":24,"45":24,"46":24,"47":24,"48":24,"49":24,"50":24,"51":24,"52":24,"53":24,"54":24,"55":24,"56":24,"57":24,"58":24,"59":1,"60":43,"61":43,"62":43,"63":43,"64":43,"65":43,"66":43,"67":43,"68":43,"69":1,"70":364,"71":10,"72":364,"73":345,"74":7,"75":345,"76":165,"77":165,"78":165,"79":165,"80":180,"81":179,"82":1,"83":179,"84":179,"85":179,"86":179,"87":179,"88":1,"89":19,"90":1,"91":254,"92":254,"93":762,"94":253,"95":254,"96":1,"97":253,"98":1,"99":197,"100":197,"101":197,"102":197,"103":16,"104":197,"105":1,"106":582,"107":254,"108":582,"109":1,"110":132,"111":1,"112":19,"113":19,"114":19,"115":19,"116":19,"117":19,"118":19,"119":19,"120":19,"121":19,"122":19,"123":19,"124":19,"125":19,"126":19,"127":19,"128":5,"129":4,"130":5,"131":5,"132":5,"133":4,"134":19,"135":4,"136":4,"137":19,"138":4,"139":4,"140":19,"141":19,"142":1,"143":18,"144":18,"145":18,"146":18,"147":18,"148":18,"149":1,"150":51,"151":4,"152":47,"153":46,"154":15,"155":15,"156":14,"157":14,"158":14,"159":14,"160":8,"161":14,"162":17,"163":17,"164":17,"165":17,"166":17,"167":13,"168":17,"169":17,"170":4,"171":17,"172":1,"173":27,"174":1,"175":24,"176":1,"177":47,"178":36,"179":1,"180":35,"181":1,"182":23,"183":1,"184":29,"185":1,"186":31,"187":1,"188":31,"189":1,"190":52,"191":2,"192":50,"193":50,"194":50,"195":50,"196":50,"197":1,"198":221,"199":1},"f":{"0":1,"1":1,"2":1,"3":221,"4":43,"5":364,"6":254,"7":197,"8":582,"9":132,"10":19,"11":19,"12":51,"13":27,"14":24,"15":36,"16":23,"17":29,"18":31,"19":31,"20":52,"21":221},"b":{"0":[1,1],"1":[1,1],"2":[197,24],"3":[1,196],"4":[89,106],"5":[1,42],"6":[2,41],"7":[10,354],"8":[345,19],"9":[7,338],"10":[165,180],"11":[179,1],"12":[1,178],"13":[253,509],"14":[1,253],"15":[70,127],"16":[16,181],"17":[35,162],"18":[254,328],"19":[10,122],"20":[132,16],"21":[5,14],"22":[4,1],"23":[5,0],"24":[4,1],"25":[4,15],"26":[4,15],"27":[19,15,12],"28":[1,18],"29":[4,47],"30":[15,14,17],"31":[8,6],"32":[13,4],"33":[4,13],"34":[11,25],"35":[1,35],"36":[35,31],"37":[19,16],"38":[17,14],"39":[1,22],"40":[4,25],"41":[5,26],"42":[4,27],"43":[2,50],"44":[50,50,49,50,48]}}
}
