{"C:\\workspace\\components-depot\\hourjs\\src\\index.ts": {"path":"C:\\workspace\\components-depot\\hourjs\\src\\index.ts","statementMap":{"0":{"start":{"line":1,"column":0},"end":{"line":1,"column":38}},"1":{"start":{"line":2,"column":18},"end":{"line":2,"column":30}},"2":{"start":{"line":4,"column":0},"end":{"line":4,"column":null}},"3":{"start":{"line":5,"column":2},"end":{"line":5,"column":null}},"4":{"start":{"line":6,"column":2},"end":{"line":6,"column":null}},"5":{"start":{"line":7,"column":2},"end":{"line":7,"column":null}},"6":{"start":{"line":10,"column":0},"end":{"line":10,"column":null}},"7":{"start":{"line":11,"column":2},"end":{"line":11,"column":null}},"8":{"start":{"line":12,"column":2},"end":{"line":12,"column":null}},"9":{"start":{"line":13,"column":2},"end":{"line":13,"column":null}},"10":{"start":{"line":26,"column":4},"end":{"line":63,"column":null}},"11":{"start":{"line":27,"column":6},"end":{"line":51,"column":null}},"12":{"start":{"line":28,"column":8},"end":{"line":28,"column":null}},"13":{"start":{"line":29,"column":8},"end":{"line":29,"column":null}},"14":{"start":{"line":30,"column":8},"end":{"line":30,"column":null}},"15":{"start":{"line":31,"column":8},"end":{"line":31,"column":null}},"16":{"start":{"line":32,"column":8},"end":{"line":32,"column":null}},"17":{"start":{"line":33,"column":8},"end":{"line":33,"column":null}},"18":{"start":{"line":34,"column":8},"end":{"line":34,"column":null}},"19":{"start":{"line":36,"column":32},"end":{"line":36,"column":58}},"20":{"start":{"line":37,"column":42},"end":{"line":37,"column":61}},"21":{"start":{"line":38,"column":8},"end":{"line":38,"column":null}},"22":{"start":{"line":39,"column":8},"end":{"line":39,"column":null}},"23":{"start":{"line":40,"column":8},"end":{"line":40,"column":null}},"24":{"start":{"line":41,"column":8},"end":{"line":41,"column":null}},"25":{"start":{"line":42,"column":8},"end":{"line":50,"column":null}},"26":{"start":{"line":43,"column":10},"end":{"line":43,"column":null}},"27":{"start":{"line":44,"column":10},"end":{"line":44,"column":null}},"28":{"start":{"line":45,"column":10},"end":{"line":45,"column":null}},"29":{"start":{"line":47,"column":10},"end":{"line":47,"column":null}},"30":{"start":{"line":48,"column":10},"end":{"line":48,"column":null}},"31":{"start":{"line":49,"column":10},"end":{"line":49,"column":null}},"32":{"start":{"line":55,"column":79},"end":{"line":55,"column":100}},"33":{"start":{"line":56,"column":6},"end":{"line":56,"column":null}},"34":{"start":{"line":57,"column":6},"end":{"line":57,"column":null}},"35":{"start":{"line":58,"column":6},"end":{"line":58,"column":null}},"36":{"start":{"line":59,"column":6},"end":{"line":59,"column":null}},"37":{"start":{"line":60,"column":6},"end":{"line":60,"column":null}},"38":{"start":{"line":61,"column":6},"end":{"line":61,"column":null}},"39":{"start":{"line":62,"column":6},"end":{"line":62,"column":null}},"40":{"start":{"line":67,"column":16},"end":{"line":67,"column":26}},"41":{"start":{"line":68,"column":22},"end":{"line":68,"column":36}},"42":{"start":{"line":69,"column":24},"end":{"line":69,"column":40}},"43":{"start":{"line":70,"column":24},"end":{"line":70,"column":40}},"44":{"start":{"line":71,"column":18},"end":{"line":71,"column":50}},"45":{"start":{"line":72,"column":20},"end":{"line":72,"column":56}},"46":{"start":{"line":73,"column":20},"end":{"line":73,"column":56}},"47":{"start":{"line":74,"column":4},"end":{"line":82,"column":null}},"48":{"start":{"line":86,"column":4},"end":{"line":119,"column":null}},"49":{"start":{"line":87,"column":6},"end":{"line":113,"column":null}},"50":{"start":{"line":88,"column":33},"end":{"line":88,"column":48}},"51":{"start":{"line":89,"column":8},"end":{"line":98,"column":null}},"52":{"start":{"line":99,"column":13},"end":{"line":113,"column":null}},"53":{"start":{"line":100,"column":42},"end":{"line":100,"column":57}},"54":{"start":{"line":101,"column":8},"end":{"line":110,"column":null}},"55":{"start":{"line":112,"column":8},"end":{"line":112,"column":null}},"56":{"start":{"line":115,"column":6},"end":{"line":118,"column":null}},"57":{"start":{"line":123,"column":15},"end":{"line":123,"column":20}},"58":{"start":{"line":124,"column":4},"end":{"line":128,"column":null}},"59":{"start":{"line":125,"column":6},"end":{"line":127,"column":null}},"60":{"start":{"line":126,"column":8},"end":{"line":126,"column":null}},"61":{"start":{"line":129,"column":4},"end":{"line":131,"column":null}},"62":{"start":{"line":130,"column":6},"end":{"line":130,"column":null}},"63":{"start":{"line":132,"column":4},"end":{"line":132,"column":null}},"64":{"start":{"line":136,"column":4},"end":{"line":136,"column":null}},"65":{"start":{"line":137,"column":19},"end":{"line":137,"column":47}},"66":{"start":{"line":138,"column":4},"end":{"line":138,"column":null}},"67":{"start":{"line":139,"column":4},"end":{"line":141,"column":null}},"68":{"start":{"line":140,"column":6},"end":{"line":140,"column":null}},"69":{"start":{"line":142,"column":4},"end":{"line":142,"column":null}},"70":{"start":{"line":146,"column":4},"end":{"line":148,"column":null}},"71":{"start":{"line":147,"column":6},"end":{"line":147,"column":null}},"72":{"start":{"line":149,"column":4},"end":{"line":149,"column":null}},"73":{"start":{"line":153,"column":20},"end":{"line":190,"column":5}},"74":{"start":{"line":155,"column":22},"end":{"line":155,"column":52}},"75":{"start":{"line":156,"column":22},"end":{"line":156,"column":33}},"76":{"start":{"line":157,"column":28},"end":{"line":157,"column":40}},"77":{"start":{"line":159,"column":21},"end":{"line":159,"column":47}},"78":{"start":{"line":160,"column":20},"end":{"line":160,"column":50}},"79":{"start":{"line":161,"column":20},"end":{"line":161,"column":50}},"80":{"start":{"line":162,"column":6},"end":{"line":172,"column":null}},"81":{"start":{"line":163,"column":8},"end":{"line":165,"column":null}},"82":{"start":{"line":164,"column":10},"end":{"line":164,"column":null}},"83":{"start":{"line":166,"column":8},"end":{"line":168,"column":null}},"84":{"start":{"line":167,"column":10},"end":{"line":167,"column":null}},"85":{"start":{"line":169,"column":8},"end":{"line":171,"column":null}},"86":{"start":{"line":170,"column":10},"end":{"line":170,"column":null}},"87":{"start":{"line":174,"column":6},"end":{"line":177,"column":null}},"88":{"start":{"line":175,"column":8},"end":{"line":175,"column":null}},"89":{"start":{"line":176,"column":8},"end":{"line":176,"column":null}},"90":{"start":{"line":178,"column":6},"end":{"line":181,"column":null}},"91":{"start":{"line":179,"column":8},"end":{"line":179,"column":null}},"92":{"start":{"line":180,"column":8},"end":{"line":180,"column":null}},"93":{"start":{"line":183,"column":6},"end":{"line":189,"column":null}},"94":{"start":{"line":192,"column":4},"end":{"line":207,"column":null}},"95":{"start":{"line":193,"column":6},"end":{"line":198,"column":null}},"96":{"start":{"line":200,"column":80},"end":{"line":200,"column":102}},"97":{"start":{"line":201,"column":6},"end":{"line":206,"column":null}},"98":{"start":{"line":211,"column":4},"end":{"line":243,"column":null}},"99":{"start":{"line":212,"column":6},"end":{"line":212,"column":null}},"100":{"start":{"line":214,"column":6},"end":{"line":214,"column":null}},"101":{"start":{"line":215,"column":6},"end":{"line":242,"column":null}},"102":{"start":{"line":217,"column":24},"end":{"line":217,"column":69}},"103":{"start":{"line":218,"column":10},"end":{"line":218,"column":null}},"104":{"start":{"line":221,"column":22},"end":{"line":221,"column":32}},"105":{"start":{"line":221,"column":44},"end":{"line":221,"column":93}},"106":{"start":{"line":222,"column":32},"end":{"line":222,"column":75}},"107":{"start":{"line":223,"column":10},"end":{"line":225,"column":null}},"108":{"start":{"line":224,"column":12},"end":{"line":224,"column":null}},"109":{"start":{"line":226,"column":10},"end":{"line":226,"column":null}},"110":{"start":{"line":229,"column":22},"end":{"line":229,"column":32}},"111":{"start":{"line":230,"column":22},"end":{"line":230,"column":34}},"112":{"start":{"line":231,"column":22},"end":{"line":231,"column":71}},"113":{"start":{"line":232,"column":34},"end":{"line":232,"column":77}},"114":{"start":{"line":233,"column":10},"end":{"line":235,"column":null}},"115":{"start":{"line":234,"column":12},"end":{"line":234,"column":null}},"116":{"start":{"line":236,"column":32},"end":{"line":236,"column":85}},"117":{"start":{"line":237,"column":10},"end":{"line":239,"column":null}},"118":{"start":{"line":238,"column":12},"end":{"line":238,"column":null}},"119":{"start":{"line":240,"column":10},"end":{"line":240,"column":null}},"120":{"start":{"line":247,"column":4},"end":{"line":247,"column":null}},"121":{"start":{"line":251,"column":4},"end":{"line":251,"column":null}},"122":{"start":{"line":255,"column":4},"end":{"line":257,"column":null}},"123":{"start":{"line":256,"column":6},"end":{"line":256,"column":null}},"124":{"start":{"line":258,"column":4},"end":{"line":259,"column":null}},"125":{"start":{"line":263,"column":4},"end":{"line":264,"column":null}},"126":{"start":{"line":268,"column":4},"end":{"line":269,"column":null}},"127":{"start":{"line":273,"column":4},"end":{"line":274,"column":null}},"128":{"start":{"line":278,"column":4},"end":{"line":279,"column":null}},"129":{"start":{"line":283,"column":4},"end":{"line":290,"column":null}},"130":{"start":{"line":284,"column":6},"end":{"line":284,"column":null}},"131":{"start":{"line":286,"column":42},"end":{"line":286,"column":64}},"132":{"start":{"line":287,"column":6},"end":{"line":289,"column":null}},"133":{"start":{"line":295,"column":2},"end":{"line":295,"column":null}},"134":{"start":{"line":294,"column":0},"end":{"line":294,"column":24}}},"fnMap":{"0":{"name":"(anonymous_0)","decl":{"start":{"line":4,"column":0},"end":{"line":4,"column":5}},"loc":{"start":{"line":4,"column":9},"end":{"line":8,"column":1}}},"1":{"name":"(anonymous_1)","decl":{"start":{"line":10,"column":0},"end":{"line":10,"column":5}},"loc":{"start":{"line":10,"column":16},"end":{"line":14,"column":1}}},"2":{"name":"(anonymous_2)","decl":{"start":{"line":25,"column":2},"end":{"line":25,"column":15}},"loc":{"start":{"line":25,"column":41},"end":{"line":64,"column":3}}},"3":{"name":"(anonymous_3)","decl":{"start":{"line":66,"column":2},"end":{"line":66,"column":16}},"loc":{"start":{"line":66,"column":16},"end":{"line":83,"column":3}}},"4":{"name":"(anonymous_4)","decl":{"start":{"line":85,"column":2},"end":{"line":85,"column":13}},"loc":{"start":{"line":85,"column":28},"end":{"line":120,"column":3}}},"5":{"name":"(anonymous_5)","decl":{"start":{"line":122,"column":2},"end":{"line":122,"column":14}},"loc":{"start":{"line":122,"column":28},"end":{"line":133,"column":3}}},"6":{"name":"(anonymous_6)","decl":{"start":{"line":135,"column":2},"end":{"line":135,"column":7}},"loc":{"start":{"line":135,"column":35},"end":{"line":143,"column":3}}},"7":{"name":"(anonymous_7)","decl":{"start":{"line":145,"column":2},"end":{"line":145,"column":13}},"loc":{"start":{"line":145,"column":31},"end":{"line":150,"column":3}}},"8":{"name":"(anonymous_8)","decl":{"start":{"line":152,"column":2},"end":{"line":152,"column":13}},"loc":{"start":{"line":152,"column":37},"end":{"line":208,"column":3}}},"9":{"name":"(anonymous_9)","decl":{"start":{"line":153,"column":20},"end":{"line":153,"column":21}},"loc":{"start":{"line":154,"column":97},"end":{"line":190,"column":5}}},"10":{"name":"(anonymous_10)","decl":{"start":{"line":210,"column":2},"end":{"line":210,"column":15}},"loc":{"start":{"line":210,"column":44},"end":{"line":244,"column":3}}},"11":{"name":"(anonymous_11)","decl":{"start":{"line":246,"column":2},"end":{"line":246,"column":5}},"loc":{"start":{"line":246,"column":34},"end":{"line":248,"column":3}}},"12":{"name":"(anonymous_12)","decl":{"start":{"line":250,"column":2},"end":{"line":250,"column":10}},"loc":{"start":{"line":250,"column":39},"end":{"line":252,"column":3}}},"13":{"name":"(anonymous_13)","decl":{"start":{"line":254,"column":2},"end":{"line":254,"column":11}},"loc":{"start":{"line":254,"column":84},"end":{"line":260,"column":3}}},"14":{"name":"(anonymous_14)","decl":{"start":{"line":262,"column":2},"end":{"line":262,"column":10}},"loc":{"start":{"line":262,"column":34},"end":{"line":265,"column":3}}},"15":{"name":"(anonymous_15)","decl":{"start":{"line":267,"column":2},"end":{"line":267,"column":16}},"loc":{"start":{"line":267,"column":40},"end":{"line":270,"column":3}}},"16":{"name":"(anonymous_16)","decl":{"start":{"line":272,"column":2},"end":{"line":272,"column":9}},"loc":{"start":{"line":272,"column":33},"end":{"line":275,"column":3}}},"17":{"name":"(anonymous_17)","decl":{"start":{"line":277,"column":2},"end":{"line":277,"column":15}},"loc":{"start":{"line":277,"column":39},"end":{"line":280,"column":3}}},"18":{"name":"(anonymous_18)","decl":{"start":{"line":282,"column":2},"end":{"line":282,"column":8}},"loc":{"start":{"line":282,"column":32},"end":{"line":291,"column":3}}},"19":{"name":"hourjs","decl":{"start":{"line":294,"column":24},"end":{"line":294,"column":30}},"loc":{"start":{"line":294,"column":58},"end":{"line":296,"column":1}}}},"branchMap":{"0":{"loc":{"start":{"line":4,"column":5},"end":{"line":4,"column":9}},"type":"binary-expr","locations":[{"start":{"line":4,"column":5},"end":{"line":4,"column":9}},{"start":{"line":4,"column":5},"end":{"line":4,"column":null}}]},"1":{"loc":{"start":{"line":10,"column":5},"end":{"line":10,"column":16}},"type":"binary-expr","locations":[{"start":{"line":10,"column":5},"end":{"line":10,"column":16}},{"start":{"line":10,"column":5},"end":{"line":10,"column":null}}]},"2":{"loc":{"start":{"line":26,"column":4},"end":{"line":63,"column":null}},"type":"if","locations":[{"start":{"line":26,"column":4},"end":{"line":63,"column":null}},{"start":{"line":26,"column":4},"end":{"line":63,"column":null}}]},"3":{"loc":{"start":{"line":27,"column":6},"end":{"line":51,"column":null}},"type":"if","locations":[{"start":{"line":27,"column":6},"end":{"line":51,"column":null}},{"start":{"line":27,"column":6},"end":{"line":51,"column":null}}]},"4":{"loc":{"start":{"line":42,"column":8},"end":{"line":50,"column":null}},"type":"if","locations":[{"start":{"line":42,"column":8},"end":{"line":50,"column":null}},{"start":{"line":42,"column":8},"end":{"line":50,"column":null}}]},"5":{"loc":{"start":{"line":86,"column":4},"end":{"line":119,"column":null}},"type":"if","locations":[{"start":{"line":86,"column":4},"end":{"line":119,"column":null}},{"start":{"line":86,"column":4},"end":{"line":119,"column":null}}]},"6":{"loc":{"start":{"line":87,"column":6},"end":{"line":113,"column":null}},"type":"if","locations":[{"start":{"line":87,"column":6},"end":{"line":113,"column":null}},{"start":{"line":87,"column":6},"end":{"line":113,"column":null}}]},"7":{"loc":{"start":{"line":99,"column":13},"end":{"line":113,"column":null}},"type":"if","locations":[{"start":{"line":99,"column":13},"end":{"line":113,"column":null}},{"start":{"line":99,"column":13},"end":{"line":113,"column":null}}]},"8":{"loc":{"start":{"line":125,"column":6},"end":{"line":127,"column":null}},"type":"if","locations":[{"start":{"line":125,"column":6},"end":{"line":127,"column":null}},{"start":{"line":125,"column":6},"end":{"line":127,"column":null}}]},"9":{"loc":{"start":{"line":129,"column":4},"end":{"line":131,"column":null}},"type":"if","locations":[{"start":{"line":129,"column":4},"end":{"line":131,"column":null}},{"start":{"line":129,"column":4},"end":{"line":131,"column":null}}]},"10":{"loc":{"start":{"line":137,"column":40},"end":{"line":137,"column":42}},"type":"cond-expr","locations":[{"start":{"line":137,"column":40},"end":{"line":137,"column":42}},{"start":{"line":137,"column":45},"end":{"line":137,"column":47}}]},"11":{"loc":{"start":{"line":139,"column":4},"end":{"line":141,"column":null}},"type":"if","locations":[{"start":{"line":139,"column":4},"end":{"line":141,"column":null}},{"start":{"line":139,"column":4},"end":{"line":141,"column":null}}]},"12":{"loc":{"start":{"line":142,"column":24},"end":{"line":142,"column":27}},"type":"cond-expr","locations":[{"start":{"line":142,"column":24},"end":{"line":142,"column":27}},{"start":{"line":142,"column":30},"end":{"line":142,"column":32}}]},"13":{"loc":{"start":{"line":146,"column":4},"end":{"line":148,"column":null}},"type":"if","locations":[{"start":{"line":146,"column":4},"end":{"line":148,"column":null}},{"start":{"line":146,"column":4},"end":{"line":148,"column":null}}]},"14":{"loc":{"start":{"line":162,"column":6},"end":{"line":172,"column":null}},"type":"if","locations":[{"start":{"line":162,"column":6},"end":{"line":172,"column":null}},{"start":{"line":162,"column":6},"end":{"line":172,"column":null}}]},"15":{"loc":{"start":{"line":163,"column":8},"end":{"line":165,"column":null}},"type":"if","locations":[{"start":{"line":163,"column":8},"end":{"line":165,"column":null}},{"start":{"line":163,"column":8},"end":{"line":165,"column":null}}]},"16":{"loc":{"start":{"line":166,"column":8},"end":{"line":168,"column":null}},"type":"if","locations":[{"start":{"line":166,"column":8},"end":{"line":168,"column":null}},{"start":{"line":166,"column":8},"end":{"line":168,"column":null}}]},"17":{"loc":{"start":{"line":169,"column":8},"end":{"line":171,"column":null}},"type":"if","locations":[{"start":{"line":169,"column":8},"end":{"line":171,"column":null}},{"start":{"line":169,"column":8},"end":{"line":171,"column":null}}]},"18":{"loc":{"start":{"line":174,"column":6},"end":{"line":177,"column":null}},"type":"if","locations":[{"start":{"line":174,"column":6},"end":{"line":177,"column":null}},{"start":{"line":174,"column":6},"end":{"line":177,"column":null}}]},"19":{"loc":{"start":{"line":178,"column":6},"end":{"line":181,"column":null}},"type":"if","locations":[{"start":{"line":178,"column":6},"end":{"line":181,"column":null}},{"start":{"line":178,"column":6},"end":{"line":181,"column":null}}]},"20":{"loc":{"start":{"line":178,"column":10},"end":{"line":178,"column":21}},"type":"binary-expr","locations":[{"start":{"line":178,"column":10},"end":{"line":178,"column":21}},{"start":{"line":178,"column":26},"end":{"line":178,"column":39}},{"start":{"line":178,"column":43},"end":{"line":178,"column":54}}]},"21":{"loc":{"start":{"line":192,"column":4},"end":{"line":207,"column":null}},"type":"if","locations":[{"start":{"line":192,"column":4},"end":{"line":207,"column":null}},{"start":{"line":192,"column":4},"end":{"line":207,"column":null}}]},"22":{"loc":{"start":{"line":211,"column":4},"end":{"line":243,"column":null}},"type":"if","locations":[{"start":{"line":211,"column":4},"end":{"line":243,"column":null}},{"start":{"line":211,"column":4},"end":{"line":243,"column":null}}]},"23":{"loc":{"start":{"line":216,"column":8},"end":{"line":219,"column":null}},"type":"switch","locations":[{"start":{"line":216,"column":8},"end":{"line":219,"column":null}},{"start":{"line":220,"column":8},"end":{"line":227,"column":null}},{"start":{"line":228,"column":8},"end":{"line":241,"column":null}}]},"24":{"loc":{"start":{"line":223,"column":10},"end":{"line":225,"column":null}},"type":"if","locations":[{"start":{"line":223,"column":10},"end":{"line":225,"column":null}},{"start":{"line":223,"column":10},"end":{"line":225,"column":null}}]},"25":{"loc":{"start":{"line":233,"column":10},"end":{"line":235,"column":null}},"type":"if","locations":[{"start":{"line":233,"column":10},"end":{"line":235,"column":null}},{"start":{"line":233,"column":10},"end":{"line":235,"column":null}}]},"26":{"loc":{"start":{"line":237,"column":10},"end":{"line":239,"column":null}},"type":"if","locations":[{"start":{"line":237,"column":10},"end":{"line":239,"column":null}},{"start":{"line":237,"column":10},"end":{"line":239,"column":null}}]},"27":{"loc":{"start":{"line":254,"column":80},"end":{"line":254,"column":84}},"type":"default-arg","locations":[{"start":{"line":254,"column":80},"end":{"line":254,"column":84}}]},"28":{"loc":{"start":{"line":255,"column":4},"end":{"line":257,"column":null}},"type":"if","locations":[{"start":{"line":255,"column":4},"end":{"line":257,"column":null}},{"start":{"line":255,"column":4},"end":{"line":257,"column":null}}]},"29":{"loc":{"start":{"line":258,"column":12},"end":{"line":258,"column":86}},"type":"binary-expr","locations":[{"start":{"line":258,"column":12},"end":{"line":258,"column":86}},{"start":{"line":259,"column":7},"end":{"line":259,"column":77}}]},"30":{"loc":{"start":{"line":258,"column":39},"end":{"line":258,"column":64}},"type":"cond-expr","locations":[{"start":{"line":258,"column":39},"end":{"line":258,"column":64}},{"start":{"line":258,"column":67},"end":{"line":258,"column":86}}]},"31":{"loc":{"start":{"line":259,"column":32},"end":{"line":259,"column":56}},"type":"cond-expr","locations":[{"start":{"line":259,"column":32},"end":{"line":259,"column":56}},{"start":{"line":259,"column":59},"end":{"line":259,"column":77}}]},"32":{"loc":{"start":{"line":263,"column":36},"end":{"line":263,"column":65}},"type":"cond-expr","locations":[{"start":{"line":263,"column":36},"end":{"line":263,"column":65}},{"start":{"line":264,"column":6},"end":{"line":264,"column":53}}]},"33":{"loc":{"start":{"line":268,"column":36},"end":{"line":268,"column":66}},"type":"cond-expr","locations":[{"start":{"line":268,"column":36},"end":{"line":268,"column":66}},{"start":{"line":269,"column":6},"end":{"line":269,"column":54}}]},"34":{"loc":{"start":{"line":273,"column":36},"end":{"line":273,"column":65}},"type":"cond-expr","locations":[{"start":{"line":273,"column":36},"end":{"line":273,"column":65}},{"start":{"line":274,"column":6},"end":{"line":274,"column":53}}]},"35":{"loc":{"start":{"line":278,"column":36},"end":{"line":278,"column":66}},"type":"cond-expr","locations":[{"start":{"line":278,"column":36},"end":{"line":278,"column":66}},{"start":{"line":279,"column":6},"end":{"line":279,"column":54}}]},"36":{"loc":{"start":{"line":283,"column":4},"end":{"line":290,"column":null}},"type":"if","locations":[{"start":{"line":283,"column":4},"end":{"line":290,"column":null}},{"start":{"line":283,"column":4},"end":{"line":290,"column":null}}]},"37":{"loc":{"start":{"line":287,"column":13},"end":{"line":287,"column":33}},"type":"binary-expr","locations":[{"start":{"line":287,"column":13},"end":{"line":287,"column":33}},{"start":{"line":288,"column":11},"end":{"line":288,"column":35}},{"start":{"line":289,"column":11},"end":{"line":289,"column":35}}]}},"s":{"0":1,"1":1,"2":1,"3":1,"4":1,"5":1,"6":1,"7":1,"8":1,"9":1,"10":183,"11":173,"12":1,"13":1,"14":1,"15":1,"16":1,"17":1,"18":1,"19":172,"20":171,"21":171,"22":171,"23":171,"24":171,"25":171,"26":78,"27":78,"28":78,"29":93,"30":93,"31":93,"32":10,"33":10,"34":10,"35":10,"36":10,"37":10,"38":10,"39":10,"40":22,"41":22,"42":22,"43":22,"44":22,"45":22,"46":22,"47":22,"48":314,"49":302,"50":142,"51":142,"52":160,"53":159,"54":159,"55":1,"56":12,"57":172,"58":172,"59":516,"60":171,"61":172,"62":1,"63":171,"64":131,"65":131,"66":131,"67":131,"68":16,"69":131,"70":494,"71":220,"72":494,"73":10,"74":10,"75":10,"76":10,"77":10,"78":10,"79":10,"80":10,"81":4,"82":3,"83":4,"84":4,"85":4,"86":3,"87":10,"88":2,"89":2,"90":10,"91":2,"92":2,"93":10,"94":10,"95":1,"96":9,"97":9,"98":42,"99":1,"100":41,"101":40,"102":12,"103":12,"104":12,"105":12,"106":12,"107":12,"108":8,"109":12,"110":16,"111":16,"112":16,"113":16,"114":16,"115":13,"116":16,"117":16,"118":4,"119":16,"120":23,"121":19,"122":32,"123":1,"124":31,"125":21,"126":27,"127":22,"128":28,"129":47,"130":2,"131":45,"132":45,"133":183,"134":1},"f":{"0":1,"1":1,"2":183,"3":22,"4":314,"5":172,"6":131,"7":494,"8":10,"9":10,"10":42,"11":23,"12":19,"13":32,"14":21,"15":27,"16":22,"17":28,"18":47,"19":183},"b":{"0":[1,1],"1":[1,1],"2":[173,10],"3":[1,172],"4":[78,93],"5":[302,12],"6":[142,160],"7":[159,1],"8":[171,345],"9":[1,171],"10":[46,85],"11":[16,115],"12":[35,96],"13":[220,274],"14":[4,6],"15":[3,1],"16":[4,0],"17":[3,1],"18":[2,8],"19":[2,8],"20":[10,8,8],"21":[1,9],"22":[1,41],"23":[12,12,16],"24":[8,4],"25":[13,3],"26":[4,12],"27":[10],"28":[1,31],"29":[31,29],"30":[17,14],"31":[16,13],"32":[1,20],"33":[4,23],"34":[1,21],"35":[4,24],"36":[2,45],"37":[45,45,45]}}
}
