TN:
SF:src\index.ts
FN:4,(anonymous_0)
FN:10,(anonymous_1)
FN:16,(anonymous_2)
FN:25,HourJs
FN:66,(anonymous_4)
FN:85,(anonymous_5)
FN:122,(anonymous_6)
FN:135,(anonymous_7)
FN:145,(anonymous_8)
FN:152,(anonymous_9)
FN:153,(anonymous_10)
FN:216,(anonymous_11)
FN:252,(anonymous_12)
FN:256,(anonymous_13)
FN:260,(anonymous_14)
FN:268,(anonymous_15)
FN:273,(anonymous_16)
FN:278,(anonymous_17)
FN:283,(anonymous_18)
FN:288,(anonymous_19)
FN:300,hourjs
FNF:21
FNH:21
FNDA:1,(anonymous_0)
FNDA:1,(anonymous_1)
FNDA:1,(anonymous_2)
FNDA:194,HourJs
FNDA:22,(anonymous_4)
FNDA:336,(anonymous_5)
FNDA:172,(anonymous_6)
FNDA:131,(anonymous_7)
FNDA:527,(anonymous_8)
FNDA:18,(anonymous_9)
FNDA:18,(anonymous_10)
FNDA:45,(anonymous_11)
FNDA:24,(anonymous_12)
FNDA:21,(anonymous_13)
FNDA:32,(anonymous_14)
FNDA:21,(anonymous_15)
FNDA:27,(anonymous_16)
FNDA:22,(anonymous_17)
FNDA:28,(anonymous_18)
FNDA:50,(anonymous_19)
FNDA:194,hourjs
DA:1,1
DA:2,1
DA:4,1
DA:5,1
DA:6,1
DA:7,1
DA:10,1
DA:11,1
DA:12,1
DA:13,1
DA:16,1
DA:26,194
DA:27,184
DA:28,1
DA:29,1
DA:30,1
DA:31,1
DA:32,1
DA:33,1
DA:34,1
DA:36,183
DA:37,182
DA:38,182
DA:39,182
DA:40,182
DA:41,182
DA:42,182
DA:43,83
DA:44,83
DA:45,83
DA:47,99
DA:48,99
DA:49,99
DA:55,10
DA:56,10
DA:57,10
DA:58,10
DA:59,10
DA:60,10
DA:61,10
DA:62,10
DA:66,1
DA:67,22
DA:68,22
DA:69,22
DA:70,22
DA:71,22
DA:72,22
DA:73,22
DA:74,22
DA:85,1
DA:86,336
DA:87,324
DA:88,152
DA:89,152
DA:99,172
DA:100,171
DA:101,171
DA:112,1
DA:115,12
DA:122,1
DA:123,172
DA:124,172
DA:125,516
DA:126,171
DA:129,172
DA:130,1
DA:132,171
DA:135,1
DA:136,131
DA:137,131
DA:138,131
DA:139,131
DA:140,16
DA:142,131
DA:145,1
DA:146,527
DA:147,235
DA:149,527
DA:152,18
DA:153,18
DA:155,18
DA:156,18
DA:157,18
DA:158,18
DA:159,18
DA:160,18
DA:162,18
DA:163,18
DA:164,18
DA:165,18
DA:166,5
DA:167,4
DA:169,5
DA:170,5
DA:172,5
DA:173,4
DA:177,18
DA:178,4
DA:179,4
DA:181,18
DA:182,4
DA:183,4
DA:186,18
DA:198,18
DA:199,1
DA:206,17
DA:207,17
DA:216,1
DA:217,45
DA:218,4
DA:220,41
DA:221,40
DA:223,12
DA:224,12
DA:227,12
DA:228,12
DA:229,12
DA:230,8
DA:232,12
DA:235,16
DA:236,16
DA:237,16
DA:238,16
DA:239,16
DA:240,13
DA:242,16
DA:243,16
DA:244,4
DA:246,16
DA:252,1
DA:253,24
DA:256,1
DA:257,21
DA:260,42
DA:261,32
DA:262,1
DA:264,31
DA:268,1
DA:269,21
DA:273,1
DA:274,27
DA:278,1
DA:279,22
DA:283,1
DA:284,28
DA:288,1
DA:289,50
DA:290,2
DA:292,48
DA:293,48
DA:298,1
DA:300,1
DA:301,194
LF:154
LH:154
BRDA:4,0,0,1
BRDA:4,0,1,1
BRDA:10,1,0,1
BRDA:10,1,1,1
BRDA:26,2,0,184
BRDA:26,2,1,10
BRDA:27,3,0,1
BRDA:27,3,1,183
BRDA:42,4,0,83
BRDA:42,4,1,99
BRDA:86,5,0,324
BRDA:86,5,1,12
BRDA:87,6,0,152
BRDA:87,6,1,172
BRDA:99,7,0,171
BRDA:99,7,1,1
BRDA:125,8,0,171
BRDA:125,8,1,345
BRDA:129,9,0,1
BRDA:129,9,1,171
BRDA:137,10,0,46
BRDA:137,10,1,85
BRDA:139,11,0,16
BRDA:139,11,1,115
BRDA:142,12,0,35
BRDA:142,12,1,96
BRDA:146,13,0,235
BRDA:146,13,1,292
BRDA:165,14,0,5
BRDA:165,14,1,13
BRDA:166,15,0,4
BRDA:166,15,1,1
BRDA:169,16,0,5
BRDA:169,16,1,0
BRDA:172,17,0,4
BRDA:172,17,1,1
BRDA:177,18,0,4
BRDA:177,18,1,14
BRDA:181,19,0,4
BRDA:181,19,1,14
BRDA:181,20,0,18
BRDA:181,20,1,14
BRDA:181,20,2,11
BRDA:198,21,0,1
BRDA:198,21,1,17
BRDA:217,22,0,4
BRDA:217,22,1,41
BRDA:222,23,0,12
BRDA:222,23,1,12
BRDA:222,23,2,16
BRDA:229,24,0,8
BRDA:229,24,1,4
BRDA:239,25,0,13
BRDA:239,25,1,3
BRDA:243,26,0,4
BRDA:243,26,1,12
BRDA:260,27,0,10
BRDA:260,27,1,22
BRDA:261,28,0,1
BRDA:261,28,1,31
BRDA:264,29,0,31
BRDA:264,29,1,29
BRDA:264,30,0,17
BRDA:264,30,1,14
BRDA:265,31,0,16
BRDA:265,31,1,13
BRDA:269,32,0,1
BRDA:269,32,1,20
BRDA:274,33,0,4
BRDA:274,33,1,23
BRDA:279,34,0,1
BRDA:279,34,1,21
BRDA:284,35,0,4
BRDA:284,35,1,24
BRDA:289,36,0,2
BRDA:289,36,1,48
BRDA:293,37,0,48
BRDA:293,37,1,48
BRDA:293,37,2,48
BRF:79
BRH:78
end_of_record
