TN:
SF:src\index.ts
FN:4,(anonymous_0)
FN:10,(anonymous_1)
FN:16,(anonymous_2)
FN:27,HourJs
FN:84,(anonymous_4)
FN:106,(anonymous_5)
FN:152,(anonymous_6)
FN:165,(anonymous_7)
FN:175,(anonymous_8)
FN:182,(anonymous_9)
FN:186,(anonymous_10)
FN:187,(anonymous_11)
FN:250,(anonymous_12)
FN:286,(anonymous_13)
FN:290,(anonymous_14)
FN:294,(anonymous_15)
FN:302,(anonymous_16)
FN:308,(anonymous_17)
FN:314,(anonymous_18)
FN:320,(anonymous_19)
FN:326,(anonymous_20)
FN:338,hourjs
FNF:22
FNH:22
FNDA:1,(anonymous_0)
FNDA:1,(anonymous_1)
FNDA:1,(anonymous_2)
FNDA:221,HourJs
FNDA:43,(anonymous_4)
FNDA:364,(anonymous_5)
FNDA:254,(anonymous_6)
FNDA:197,(anonymous_7)
FNDA:582,(anonymous_8)
FNDA:132,(anonymous_9)
FNDA:19,(anonymous_10)
FNDA:19,(anonymous_11)
FNDA:51,(anonymous_12)
FNDA:27,(anonymous_13)
FNDA:24,(anonymous_14)
FNDA:36,(anonymous_15)
FNDA:23,(anonymous_16)
FNDA:29,(anonymous_17)
FNDA:31,(anonymous_18)
FNDA:31,(anonymous_19)
FNDA:52,(anonymous_20)
FNDA:221,hourjs
DA:1,1
DA:2,1
DA:4,1
DA:5,1
DA:6,1
DA:7,1
DA:10,1
DA:11,1
DA:12,1
DA:13,1
DA:16,1
DA:28,221
DA:29,197
DA:30,1
DA:31,1
DA:32,1
DA:33,1
DA:34,1
DA:35,1
DA:36,1
DA:37,1
DA:38,1
DA:40,196
DA:41,195
DA:42,195
DA:43,195
DA:44,195
DA:45,195
DA:46,195
DA:47,89
DA:48,89
DA:49,89
DA:51,106
DA:52,106
DA:53,106
DA:55,195
DA:56,195
DA:62,24
DA:63,24
DA:64,24
DA:65,24
DA:66,24
DA:67,24
DA:68,24
DA:69,24
DA:70,24
DA:71,24
DA:72,24
DA:73,24
DA:74,24
DA:75,24
DA:76,24
DA:77,24
DA:78,24
DA:79,24
DA:80,24
DA:84,1
DA:85,43
DA:86,43
DA:87,43
DA:88,43
DA:89,43
DA:90,43
DA:91,43
DA:92,43
DA:93,43
DA:106,1
DA:107,364
DA:108,10
DA:110,364
DA:111,345
DA:112,7
DA:114,345
DA:115,165
DA:116,165
DA:126,180
DA:127,179
DA:128,1
DA:130,179
DA:131,179
DA:142,1
DA:145,19
DA:152,1
DA:153,254
DA:154,254
DA:155,762
DA:156,253
DA:159,254
DA:160,1
DA:162,253
DA:165,1
DA:166,197
DA:167,197
DA:168,197
DA:169,197
DA:170,16
DA:172,197
DA:175,1
DA:176,582
DA:177,254
DA:179,582
DA:182,1
DA:183,132
DA:186,19
DA:187,19
DA:189,19
DA:190,19
DA:191,19
DA:192,19
DA:193,19
DA:194,19
DA:196,19
DA:197,19
DA:198,19
DA:199,19
DA:200,5
DA:201,4
DA:203,5
DA:204,5
DA:206,5
DA:207,4
DA:211,19
DA:212,4
DA:213,4
DA:215,19
DA:216,4
DA:217,4
DA:220,19
DA:232,19
DA:233,1
DA:240,18
DA:241,18
DA:250,1
DA:251,51
DA:252,4
DA:254,47
DA:255,46
DA:257,15
DA:258,15
DA:261,14
DA:262,14
DA:263,14
DA:264,8
DA:266,14
DA:269,17
DA:270,17
DA:271,17
DA:272,17
DA:273,17
DA:274,13
DA:276,17
DA:277,17
DA:278,4
DA:280,17
DA:286,1
DA:287,27
DA:290,1
DA:291,24
DA:294,47
DA:295,36
DA:296,1
DA:298,35
DA:302,1
DA:303,23
DA:308,1
DA:309,29
DA:314,1
DA:315,31
DA:320,1
DA:321,31
DA:326,1
DA:327,52
DA:328,2
DA:330,50
DA:331,50
DA:336,1
DA:338,1
DA:339,221
LF:178
LH:178
BRDA:4,0,0,1
BRDA:4,0,1,1
BRDA:10,1,0,1
BRDA:10,1,1,1
BRDA:28,2,0,197
BRDA:28,2,1,24
BRDA:29,3,0,1
BRDA:29,3,1,196
BRDA:46,4,0,89
BRDA:46,4,1,106
BRDA:90,5,0,1
BRDA:90,5,1,42
BRDA:91,6,0,2
BRDA:91,6,1,41
BRDA:107,7,0,10
BRDA:107,7,1,354
BRDA:110,8,0,345
BRDA:110,8,1,19
BRDA:111,9,0,7
BRDA:111,9,1,338
BRDA:114,10,0,165
BRDA:114,10,1,180
BRDA:126,11,0,179
BRDA:126,11,1,1
BRDA:127,12,0,1
BRDA:127,12,1,178
BRDA:155,13,0,253
BRDA:155,13,1,509
BRDA:159,14,0,1
BRDA:159,14,1,253
BRDA:167,15,0,70
BRDA:167,15,1,127
BRDA:169,16,0,16
BRDA:169,16,1,181
BRDA:172,17,0,35
BRDA:172,17,1,162
BRDA:176,18,0,254
BRDA:176,18,1,328
BRDA:183,19,0,10
BRDA:183,19,1,122
BRDA:183,20,0,132
BRDA:183,20,1,16
BRDA:199,21,0,5
BRDA:199,21,1,14
BRDA:200,22,0,4
BRDA:200,22,1,1
BRDA:203,23,0,5
BRDA:203,23,1,0
BRDA:206,24,0,4
BRDA:206,24,1,1
BRDA:211,25,0,4
BRDA:211,25,1,15
BRDA:215,26,0,4
BRDA:215,26,1,15
BRDA:215,27,0,19
BRDA:215,27,1,15
BRDA:215,27,2,12
BRDA:232,28,0,1
BRDA:232,28,1,18
BRDA:251,29,0,4
BRDA:251,29,1,47
BRDA:256,30,0,15
BRDA:256,30,1,14
BRDA:256,30,2,17
BRDA:263,31,0,8
BRDA:263,31,1,6
BRDA:273,32,0,13
BRDA:273,32,1,4
BRDA:277,33,0,4
BRDA:277,33,1,13
BRDA:294,34,0,11
BRDA:294,34,1,25
BRDA:295,35,0,1
BRDA:295,35,1,35
BRDA:298,36,0,35
BRDA:298,36,1,31
BRDA:298,37,0,19
BRDA:298,37,1,16
BRDA:299,38,0,17
BRDA:299,38,1,14
BRDA:303,39,0,1
BRDA:303,39,1,22
BRDA:309,40,0,4
BRDA:309,40,1,25
BRDA:315,41,0,5
BRDA:315,41,1,26
BRDA:321,42,0,4
BRDA:321,42,1,27
BRDA:327,43,0,2
BRDA:327,43,1,50
BRDA:331,44,0,50
BRDA:331,44,1,50
BRDA:331,44,2,49
BRDA:331,44,3,50
BRDA:331,44,4,48
BRF:95
BRH:94
end_of_record
